<?xml version="1.0" encoding="UTF-8"?>
<!-- Generated by org.testng.reporters.JUnitReportReporter -->
<testsuite hostname="L103819.local" failures="0" tests="1" name="Tests.AddCart" time="17.791" errors="0" timestamp="15 Jun 2022 19:47:22 GMT" skipped="0">
  <testcase classname="Tests.AddCart" name="loginValidation" time="17.791"/>
</testsuite> <!-- Tests.AddCart -->
