<?xml version="1.0" encoding="UTF-8"?>
<!-- Generated by org.testng.reporters.JUnitReportReporter -->
<testsuite skipped="0" hostname="DESKTOP-IIBITF8" name="Tests.AddCartTest" tests="1" failures="0" timestamp="17 Jun 2022 11:40:14 GMT" time="21.431" errors="0">
  <testcase name="verifyAddToCartTest" time="21.431" classname="Tests.AddCartTest"/>
</testsuite> <!-- Tests.AddCartTest -->
