<?xml version="1.0" encoding="UTF-8"?>
<!-- Generated by org.testng.reporters.JUnitReportReporter -->
<testsuite skipped="0" hostname="DESKTOP-IIBITF8" name="Tests.AddCartTest" tests="1" failures="0" timestamp="17 Jun 2022 12:11:57 GMT" time="38.088" errors="0">
  <testcase name="verifyAddToCartTest" time="38.088" classname="Tests.AddCartTest"/>
</testsuite> <!-- Tests.AddCartTest -->
